<?xml version="1.0" encoding="UTF-8"?>
<!-- Generated by org.testng.reporters.JUnitXMLReporter -->
<testsuite hostname="PBLAP995" ignored="0" name="Demo Test" tests="1" failures="1" timestamp="31 Mar 2021 09:42:19 GMT" time="9.929" errors="0">
  <testcase name="Demo" time="5.825" classname="artoftesting.testCases.TC_ArtDemo">
    <failure type="java.lang.AssertionError" message="expected [true] but found [false]">
      <![CDATA[java.lang.AssertionError: expected [true] but found [false]
at artoftesting.testCases.TC_ArtDemo.Demo(TC_ArtDemo.java:27)
... Removed 29 stack frames]]>
    </failure>
  </testcase> <!-- Demo -->
</testsuite> <!-- Demo Test -->
